TN:
SF:/Users/myamout/dev/openbrewerydb-node/lib/constants.js
FNF:0
FNH:0
DA:1,2
DA:2,2
DA:3,2
DA:4,2
DA:6,2
DA:14,2
DA:25,2
LF:7
LH:7
BRF:0
BRH:0
end_of_record
TN:
SF:/Users/myamout/dev/openbrewerydb-node/lib/search/requests.js
FN:3,(anonymous_0)
FN:4,(anonymous_1)
FN:5,(anonymous_2)
FN:10,(anonymous_3)
FN:11,(anonymous_4)
FN:13,(anonymous_5)
FNF:6
FNH:5
FNDA:2,(anonymous_0)
FNDA:2,(anonymous_1)
FNDA:2,(anonymous_2)
FNDA:1,(anonymous_3)
FNDA:1,(anonymous_4)
FNDA:0,(anonymous_5)
DA:3,2
DA:4,2
DA:5,2
DA:6,2
DA:7,1
DA:9,2
DA:10,2
DA:11,2
DA:13,2
LF:9
LH:9
BRDA:6,0,0,1
BRDA:6,0,1,1
BRDA:6,1,0,2
BRDA:6,1,1,2
BRF:4
BRH:4
end_of_record
TN:
SF:/Users/myamout/dev/openbrewerydb-node/lib/search/search.js
FN:10,(anonymous_0)
FN:26,(anonymous_1)
FN:29,(anonymous_2)
FN:32,(anonymous_3)
FN:35,(anonymous_4)
FN:42,(anonymous_5)
FN:44,(anonymous_6)
FN:53,(anonymous_7)
FN:57,(anonymous_8)
FN:61,(anonymous_9)
FNF:10
FNH:10
FNDA:4,(anonymous_0)
FNDA:2,(anonymous_1)
FNDA:1,(anonymous_2)
FNDA:1,(anonymous_3)
FNDA:1,(anonymous_4)
FNDA:4,(anonymous_5)
FNDA:4,(anonymous_6)
FNDA:1,(anonymous_7)
FNDA:1,(anonymous_8)
FNDA:2,(anonymous_9)
DA:5,1
DA:6,1
DA:7,1
DA:8,1
DA:10,1
DA:13,4
DA:14,1
DA:17,3
DA:18,1
DA:21,2
DA:22,1
DA:25,1
DA:26,1
DA:27,2
DA:29,1
DA:30,1
DA:32,1
DA:33,1
DA:35,1
DA:36,1
DA:38,1
DA:39,1
DA:42,1
DA:43,4
DA:44,4
DA:45,4
DA:46,1
DA:48,3
DA:53,1
DA:54,1
DA:57,1
DA:58,1
DA:61,1
DA:62,2
LF:34
LH:34
BRDA:13,0,0,1
BRDA:13,0,1,3
BRDA:13,1,0,4
BRDA:13,1,1,3
BRDA:17,2,0,1
BRDA:17,2,1,2
BRDA:17,3,0,3
BRDA:17,3,1,2
BRDA:21,4,0,1
BRDA:21,4,1,1
BRDA:21,5,0,2
BRDA:21,5,1,1
BRDA:42,6,0,0
BRDA:42,7,0,1
BRDA:42,8,0,1
BRDA:42,9,0,1
BRDA:42,10,0,4
BRDA:45,11,0,1
BRDA:45,11,1,3
BRDA:53,12,0,0
BRDA:53,13,0,1
BRDA:57,14,0,1
BRF:22
BRH:20
end_of_record
TN:
SF:/Users/myamout/dev/openbrewerydb-node/lib/search/validators.js
FN:3,(anonymous_0)
FN:4,(anonymous_1)
FN:7,(anonymous_2)
FN:8,(anonymous_3)
FN:11,(anonymous_4)
FN:12,(anonymous_5)
FNF:6
FNH:6
FNDA:6,(anonymous_0)
FNDA:210,(anonymous_1)
FNDA:5,(anonymous_2)
FNDA:26,(anonymous_3)
FNDA:4,(anonymous_4)
FNDA:14,(anonymous_5)
DA:3,2
DA:4,210
DA:7,2
DA:8,26
DA:11,2
DA:12,14
LF:6
LH:6
BRF:0
BRH:0
end_of_record
TN:
SF:/Users/myamout/dev/openbrewerydb-node/test/constants.js
FNF:0
FNH:0
DA:1,2
DA:2,2
LF:2
LH:2
BRF:0
BRH:0
end_of_record
